[2025-11-25 18:47:04] [INFO] Configuration saved to: checkpoints/model_v2/config.yml
[2025-11-25 18:47:04] [INFO] Using device: cuda
[2025-11-25 18:47:04] [INFO] Loading dataset...
[2025-11-25 18:47:05] [INFO] Dataset loaded successfully
[2025-11-25 18:47:05] [INFO] Creating model...
[2025-11-25 18:47:05] [INFO] Model has 481,458 parameters (96.3% of budget)
[2025-11-25 18:47:05] [INFO] ================================================================================
[2025-11-25 18:47:05] [INFO] EXPERIMENT INFORMATION
[2025-11-25 18:47:05] [INFO] ================================================================================
[2025-11-25 18:47:05] [INFO] Experiment: model_v2
[2025-11-25 18:47:05] [INFO] Seed: 42
[2025-11-25 18:47:05] [INFO] Device: cuda
[2025-11-25 18:47:05] [INFO] 
[2025-11-25 18:47:05] [INFO] DATASET:
[2025-11-25 18:47:05] [INFO]   Train samples: 7,424
[2025-11-25 18:47:05] [INFO]   Val samples: 3,334
[2025-11-25 18:47:05] [INFO]   Test samples: 3,502
[2025-11-25 18:47:05] [INFO]   Num locations: 1,187
[2025-11-25 18:47:05] [INFO]   Num users: 46
[2025-11-25 18:47:05] [INFO] 
[2025-11-25 18:47:05] [INFO] MODEL:
[2025-11-25 18:47:05] [INFO]   Name: model_v2
[2025-11-25 18:47:05] [INFO]   d_model: 88
[2025-11-25 18:47:05] [INFO]   d_inner: 176
[2025-11-25 18:47:05] [INFO]   n_layers: 4
[2025-11-25 18:47:05] [INFO]   n_head: 8
[2025-11-25 18:47:05] [INFO]   dropout: 0.15
[2025-11-25 18:47:05] [INFO]   Parameters: 481,458
[2025-11-25 18:47:05] [INFO]   Parameter budget: 500,000
[2025-11-25 18:47:05] [INFO]   Budget usage: 96.3%
[2025-11-25 18:47:05] [INFO] 
[2025-11-25 18:47:05] [INFO] TRAINING:
[2025-11-25 18:47:05] [INFO]   Batch size: 64
[2025-11-25 18:47:05] [INFO]   Learning rate: 0.0005
[2025-11-25 18:47:05] [INFO]   Weight decay: 0.0001
[2025-11-25 18:47:05] [INFO]   Label smoothing: 0.1
[2025-11-25 18:47:05] [INFO]   Max epochs: 200
[2025-11-25 18:47:05] [INFO]   Patience: 30
[2025-11-25 18:47:05] [INFO] ================================================================================
[2025-11-25 18:47:09] [INFO] 
[2025-11-25 18:47:09] [INFO] ================================================================================
[2025-11-25 18:47:09] [INFO] STARTING TRAINING
[2025-11-25 18:47:09] [INFO] ================================================================================
[2025-11-25 18:53:05] [INFO] 
[2025-11-25 18:53:05] [INFO] ================================================================================
[2025-11-25 18:53:05] [INFO] TRAINING COMPLETE
[2025-11-25 18:53:05] [INFO] ================================================================================
[2025-11-25 18:53:05] [INFO] Results saved to: results/model_v2_results.txt
[2025-11-25 18:53:05] [INFO] Checkpoint saved to: checkpoints/model_v2/best_model.pt
[2025-11-25 18:53:05] [INFO] 
[2025-11-25 18:53:05] [INFO] FINAL TEST RESULTS:
[2025-11-25 18:53:05] [INFO]   Test Acc@1:  36.58%
[2025-11-25 18:53:05] [INFO]   Test Acc@5:  56.91%
[2025-11-25 18:53:05] [INFO]   Test MRR:    45.89%
[2025-11-25 18:53:05] [INFO]   Val Acc@1:   43.43%
[2025-11-25 18:53:05] [INFO] ================================================================================
